2023-02-18 16:14:34,980 DEBUG [background-preinit][LoggerProviders.java:152] -
      Logging Provider: org.jboss.logging.Log4j2LoggerProvider
2023-02-18 16:14:34,987 INFO [background-preinit][Version.java:21] -
      HV000001: Hibernate Validator 6.1.6.Final
2023-02-18 16:14:34,991 DEBUG [background-preinit][ValidationXmlParser.java:120] -
      Trying to load META-INF/validation.xml for XML based Validator configuration.
2023-02-18 16:14:34,992 DEBUG [background-preinit][ResourceLoaderHelper.java:60] -
      Trying to load META-INF/validation.xml via TCCL
2023-02-18 16:14:34,992 DEBUG [background-preinit][ResourceLoaderHelper.java:66] -
      Trying to load META-INF/validation.xml via Hibernate Validator's class loader
2023-02-18 16:14:34,993 DEBUG [background-preinit][ValidationXmlParser.java:127] -
      No META-INF/validation.xml found. Using annotation based configuration only.
2023-02-18 16:14:34,980 DEBUG [background-preinit][LoggerProviders.java:152] -
      Logging Provider: org.jboss.logging.Log4j2LoggerProvider
2023-02-18 16:14:34,987 INFO [background-preinit][Version.java:21] -
      HV000001: Hibernate Validator 6.1.6.Final
2023-02-18 16:14:34,991 DEBUG [background-preinit][ValidationXmlParser.java:120] -
      Trying to load META-INF/validation.xml for XML based Validator configuration.
2023-02-18 16:14:34,992 DEBUG [background-preinit][ResourceLoaderHelper.java:60] -
      Trying to load META-INF/validation.xml via TCCL
2023-02-18 16:14:34,992 DEBUG [background-preinit][ResourceLoaderHelper.java:66] -
      Trying to load META-INF/validation.xml via Hibernate Validator's class loader
2023-02-18 16:14:34,993 DEBUG [background-preinit][ValidationXmlParser.java:127] -
      No META-INF/validation.xml found. Using annotation based configuration only.
2023-02-18 16:14:34,998 DEBUG [background-preinit][TraversableResolvers.java:60] -
      Cannot find javax.persistence.Persistence on classpath. Assuming non JPA 2 environment. All properties will per default be traversable.
2023-02-18 16:14:34,998 DEBUG [background-preinit][TraversableResolvers.java:60] -
      Cannot find javax.persistence.Persistence on classpath. Assuming non JPA 2 environment. All properties will per default be traversable.
2023-02-18 16:14:35,012 DEBUG [background-preinit][ResourceBundleMessageInterpolator.java:172] -
      Loaded expression factory via original TCCL
2023-02-18 16:14:35,012 DEBUG [background-preinit][ResourceBundleMessageInterpolator.java:172] -
      Loaded expression factory via original TCCL
2023-02-18 16:14:35,193 DEBUG [background-preinit][ValidatorFactoryConfigurationHelper.java:300] -
      HV000252: Using org.hibernate.validator.internal.engine.DefaultPropertyNodeNameProvider as property node name provider.
2023-02-18 16:14:35,193 DEBUG [background-preinit][ValidatorFactoryConfigurationHelper.java:300] -
      HV000252: Using org.hibernate.validator.internal.engine.DefaultPropertyNodeNameProvider as property node name provider.
2023-02-18 16:14:35,196 DEBUG [background-preinit][ValidatorFactoryConfigurationHelper.java:375] -
      HV000234: Using org.hibernate.validator.messageinterpolation.ResourceBundleMessageInterpolator as ValidatorFactory-scoped message interpolator.
2023-02-18 16:14:35,196 DEBUG [background-preinit][ValidatorFactoryConfigurationHelper.java:376] -
      HV000234: Using org.hibernate.validator.internal.engine.resolver.TraverseAllTraversableResolver as ValidatorFactory-scoped traversable resolver.
2023-02-18 16:14:35,196 DEBUG [background-preinit][ValidatorFactoryConfigurationHelper.java:377] -
      HV000234: Using org.hibernate.validator.internal.util.ExecutableParameterNameProvider as ValidatorFactory-scoped parameter name provider.
2023-02-18 16:14:35,196 DEBUG [background-preinit][ValidatorFactoryConfigurationHelper.java:375] -
      HV000234: Using org.hibernate.validator.messageinterpolation.ResourceBundleMessageInterpolator as ValidatorFactory-scoped message interpolator.
2023-02-18 16:14:35,196 DEBUG [background-preinit][ValidatorFactoryConfigurationHelper.java:378] -
      HV000234: Using org.hibernate.validator.internal.engine.DefaultClockProvider as ValidatorFactory-scoped clock provider.
2023-02-18 16:14:35,196 DEBUG [background-preinit][ValidatorFactoryConfigurationHelper.java:379] -
      HV000234: Using org.hibernate.validator.internal.engine.scripting.DefaultScriptEvaluatorFactory as ValidatorFactory-scoped script evaluator factory.
2023-02-18 16:14:35,196 DEBUG [background-preinit][ValidatorFactoryConfigurationHelper.java:376] -
      HV000234: Using org.hibernate.validator.internal.engine.resolver.TraverseAllTraversableResolver as ValidatorFactory-scoped traversable resolver.
2023-02-18 16:14:35,196 DEBUG [background-preinit][ValidatorFactoryConfigurationHelper.java:377] -
      HV000234: Using org.hibernate.validator.internal.util.ExecutableParameterNameProvider as ValidatorFactory-scoped parameter name provider.
2023-02-18 16:14:35,196 DEBUG [background-preinit][ValidatorFactoryConfigurationHelper.java:378] -
      HV000234: Using org.hibernate.validator.internal.engine.DefaultClockProvider as ValidatorFactory-scoped clock provider.
2023-02-18 16:14:35,196 DEBUG [background-preinit][ValidatorFactoryConfigurationHelper.java:379] -
      HV000234: Using org.hibernate.validator.internal.engine.scripting.DefaultScriptEvaluatorFactory as ValidatorFactory-scoped script evaluator factory.
2023-02-18 16:14:35,328 INFO [main][SpringApplication.java:651] -
      No active profile set, falling back to default profiles: default
2023-02-18 16:14:35,328 INFO [main][SpringApplication.java:651] -
      No active profile set, falling back to default profiles: default
2023-02-18 16:14:35,721 INFO [main][GenericScope.java:295] -
      BeanFactory id=2b3861ae-fb47-36aa-ae7a-ee9954274f0b
2023-02-18 16:14:35,721 INFO [main][GenericScope.java:295] -
      BeanFactory id=2b3861ae-fb47-36aa-ae7a-ee9954274f0b
2023-02-18 16:14:35,832 INFO [main][TomcatWebServer.java:108] -
      Tomcat initialized with port(s): 63040 (http)
2023-02-18 16:14:35,832 INFO [main][TomcatWebServer.java:108] -
      Tomcat initialized with port(s): 63040 (http)
2023-02-18 16:14:35,840 INFO [main][DirectJDKLog.java:173] -
      Initializing ProtocolHandler ["http-nio-63040"]
2023-02-18 16:14:35,840 INFO [main][DirectJDKLog.java:173] -
      Initializing ProtocolHandler ["http-nio-63040"]
2023-02-18 16:14:35,841 INFO [main][DirectJDKLog.java:173] -
      Starting service [Tomcat]
2023-02-18 16:14:35,841 INFO [main][DirectJDKLog.java:173] -
      Starting service [Tomcat]
2023-02-18 16:14:35,841 INFO [main][DirectJDKLog.java:173] -
      Starting Servlet engine: [Apache Tomcat/9.0.41]
2023-02-18 16:14:35,841 INFO [main][DirectJDKLog.java:173] -
      Starting Servlet engine: [Apache Tomcat/9.0.41]
2023-02-18 16:14:35,885 INFO [main][DirectJDKLog.java:173] -
      Initializing Spring embedded WebApplicationContext
2023-02-18 16:14:35,886 INFO [main][ServletWebServerApplicationContext.java:285] -
      Root WebApplicationContext: initialization completed in 548 ms
2023-02-18 16:14:35,885 INFO [main][DirectJDKLog.java:173] -
      Initializing Spring embedded WebApplicationContext
2023-02-18 16:14:35,886 INFO [main][ServletWebServerApplicationContext.java:285] -
      Root WebApplicationContext: initialization completed in 548 ms
2023-02-18 16:14:36,140 INFO [main][PropertySourcedRequestMappingHandlerMapping.java:69] -
      Mapped URL path [/v2/api-docs] onto method [springfox.documentation.swagger2.web.Swagger2Controller#getDocumentation(String, HttpServletRequest)]
2023-02-18 16:14:36,140 INFO [main][PropertySourcedRequestMappingHandlerMapping.java:69] -
      Mapped URL path [/v2/api-docs] onto method [springfox.documentation.swagger2.web.Swagger2Controller#getDocumentation(String, HttpServletRequest)]
2023-02-18 16:14:36,155 DEBUG [main][ResourceBundleMessageInterpolator.java:172] -
      Loaded expression factory via original TCCL
2023-02-18 16:14:36,155 DEBUG [main][ResourceBundleMessageInterpolator.java:172] -
      Loaded expression factory via original TCCL
2023-02-18 16:14:36,156 DEBUG [main][AbstractConfigurationImpl.java:171] -
      Setting custom MessageInterpolator of type org.springframework.validation.beanvalidation.LocaleContextMessageInterpolator
2023-02-18 16:14:36,156 DEBUG [main][AbstractConfigurationImpl.java:171] -
      Setting custom MessageInterpolator of type org.springframework.validation.beanvalidation.LocaleContextMessageInterpolator
2023-02-18 16:14:36,156 DEBUG [main][AbstractConfigurationImpl.java:203] -
      Setting custom ConstraintValidatorFactory of type org.springframework.validation.beanvalidation.SpringConstraintValidatorFactory
2023-02-18 16:14:36,156 DEBUG [main][AbstractConfigurationImpl.java:203] -
      Setting custom ConstraintValidatorFactory of type org.springframework.validation.beanvalidation.SpringConstraintValidatorFactory
2023-02-18 16:14:36,156 DEBUG [main][AbstractConfigurationImpl.java:217] -
      Setting custom ParameterNameProvider of type org.springframework.validation.beanvalidation.LocalValidatorFactoryBean$1
2023-02-18 16:14:36,156 DEBUG [main][AbstractConfigurationImpl.java:217] -
      Setting custom ParameterNameProvider of type org.springframework.validation.beanvalidation.LocalValidatorFactoryBean$1
2023-02-18 16:14:36,157 DEBUG [main][ValidationXmlParser.java:120] -
      Trying to load META-INF/validation.xml for XML based Validator configuration.
2023-02-18 16:14:36,157 DEBUG [main][ValidationXmlParser.java:120] -
      Trying to load META-INF/validation.xml for XML based Validator configuration.
2023-02-18 16:14:36,157 DEBUG [main][ResourceLoaderHelper.java:53] -
      Trying to load META-INF/validation.xml via user class loader
2023-02-18 16:14:36,157 DEBUG [main][ResourceLoaderHelper.java:53] -
      Trying to load META-INF/validation.xml via user class loader
2023-02-18 16:14:36,157 DEBUG [main][ResourceLoaderHelper.java:60] -
      Trying to load META-INF/validation.xml via TCCL
2023-02-18 16:14:36,157 DEBUG [main][ResourceLoaderHelper.java:60] -
      Trying to load META-INF/validation.xml via TCCL
2023-02-18 16:14:36,157 DEBUG [main][ResourceLoaderHelper.java:66] -
      Trying to load META-INF/validation.xml via Hibernate Validator's class loader
2023-02-18 16:14:36,157 DEBUG [main][ResourceLoaderHelper.java:66] -
      Trying to load META-INF/validation.xml via Hibernate Validator's class loader
2023-02-18 16:14:36,158 DEBUG [main][ValidationXmlParser.java:127] -
      No META-INF/validation.xml found. Using annotation based configuration only.
2023-02-18 16:14:36,158 DEBUG [main][ValidationXmlParser.java:127] -
      No META-INF/validation.xml found. Using annotation based configuration only.
2023-02-18 16:14:36,158 DEBUG [main][TraversableResolvers.java:60] -
      Cannot find javax.persistence.Persistence on classpath. Assuming non JPA 2 environment. All properties will per default be traversable.
2023-02-18 16:14:36,158 DEBUG [main][TraversableResolvers.java:60] -
      Cannot find javax.persistence.Persistence on classpath. Assuming non JPA 2 environment. All properties will per default be traversable.
2023-02-18 16:14:36,159 DEBUG [main][ValidatorFactoryConfigurationHelper.java:300] -
      HV000252: Using org.hibernate.validator.internal.engine.DefaultPropertyNodeNameProvider as property node name provider.
2023-02-18 16:14:36,159 DEBUG [main][ValidatorFactoryConfigurationHelper.java:300] -
      HV000252: Using org.hibernate.validator.internal.engine.DefaultPropertyNodeNameProvider as property node name provider.
2023-02-18 16:14:36,159 DEBUG [main][ValidatorFactoryConfigurationHelper.java:375] -
      HV000234: Using org.springframework.validation.beanvalidation.LocaleContextMessageInterpolator as ValidatorFactory-scoped message interpolator.
2023-02-18 16:14:36,159 DEBUG [main][ValidatorFactoryConfigurationHelper.java:375] -
      HV000234: Using org.springframework.validation.beanvalidation.LocaleContextMessageInterpolator as ValidatorFactory-scoped message interpolator.
2023-02-18 16:14:36,159 DEBUG [main][ValidatorFactoryConfigurationHelper.java:376] -
      HV000234: Using org.hibernate.validator.internal.engine.resolver.TraverseAllTraversableResolver as ValidatorFactory-scoped traversable resolver.
2023-02-18 16:14:36,159 DEBUG [main][ValidatorFactoryConfigurationHelper.java:376] -
      HV000234: Using org.hibernate.validator.internal.engine.resolver.TraverseAllTraversableResolver as ValidatorFactory-scoped traversable resolver.
2023-02-18 16:14:36,160 DEBUG [main][ValidatorFactoryConfigurationHelper.java:377] -
      HV000234: Using org.hibernate.validator.internal.util.ExecutableParameterNameProvider as ValidatorFactory-scoped parameter name provider.
2023-02-18 16:14:36,160 DEBUG [main][ValidatorFactoryConfigurationHelper.java:377] -
      HV000234: Using org.hibernate.validator.internal.util.ExecutableParameterNameProvider as ValidatorFactory-scoped parameter name provider.
2023-02-18 16:14:36,160 DEBUG [main][ValidatorFactoryConfigurationHelper.java:378] -
      HV000234: Using org.hibernate.validator.internal.engine.DefaultClockProvider as ValidatorFactory-scoped clock provider.
2023-02-18 16:14:36,160 DEBUG [main][ValidatorFactoryConfigurationHelper.java:378] -
      HV000234: Using org.hibernate.validator.internal.engine.DefaultClockProvider as ValidatorFactory-scoped clock provider.
2023-02-18 16:14:36,160 DEBUG [main][ValidatorFactoryConfigurationHelper.java:379] -
      HV000234: Using org.hibernate.validator.internal.engine.scripting.DefaultScriptEvaluatorFactory as ValidatorFactory-scoped script evaluator factory.
2023-02-18 16:14:36,160 DEBUG [main][ValidatorFactoryConfigurationHelper.java:379] -
      HV000234: Using org.hibernate.validator.internal.engine.scripting.DefaultScriptEvaluatorFactory as ValidatorFactory-scoped script evaluator factory.
2023-02-18 16:14:36,191 INFO [main][ExecutorConfigurationSupport.java:181] -
      Initializing ExecutorService 'applicationTaskExecutor'
2023-02-18 16:14:36,191 INFO [main][ExecutorConfigurationSupport.java:181] -
      Initializing ExecutorService 'applicationTaskExecutor'
2023-02-18 16:14:36,268 INFO [main][DirectJDKLog.java:173] -
      Starting ProtocolHandler ["http-nio-63040"]
2023-02-18 16:14:36,268 INFO [main][DirectJDKLog.java:173] -
      Starting ProtocolHandler ["http-nio-63040"]
2023-02-18 16:14:36,279 INFO [main][TomcatWebServer.java:220] -
      Tomcat started on port(s): 63040 (http) with context path '/content'
2023-02-18 16:14:36,279 INFO [main][TomcatWebServer.java:220] -
      Tomcat started on port(s): 63040 (http) with context path '/content'
2023-02-18 16:14:36,280 INFO [main][DocumentationPluginsBootstrapper.java:160] -
      Context refreshed
2023-02-18 16:14:36,280 INFO [main][DocumentationPluginsBootstrapper.java:160] -
      Context refreshed
2023-02-18 16:14:36,286 INFO [main][DocumentationPluginsBootstrapper.java:163] -
      Found 1 custom documentation plugin(s)
2023-02-18 16:14:36,286 INFO [main][DocumentationPluginsBootstrapper.java:163] -
      Found 1 custom documentation plugin(s)
2023-02-18 16:14:36,298 INFO [main][ApiListingReferenceScanner.java:41] -
      Scanning for api listing references
2023-02-18 16:14:36,298 INFO [main][ApiListingReferenceScanner.java:41] -
      Scanning for api listing references
2023-02-18 16:14:36,309 INFO [main][StartupInfoLogger.java:61] -
      Started XstudyContentApplication in 1.611 seconds (JVM running for 1.974)
2023-02-18 16:14:36,309 INFO [main][StartupInfoLogger.java:61] -
      Started XstudyContentApplication in 1.611 seconds (JVM running for 1.974)
2023-02-18 16:16:40,932 INFO [http-nio-63040-exec-1][DirectJDKLog.java:173] -
      Initializing Spring DispatcherServlet 'dispatcherServlet'
2023-02-18 16:16:40,932 INFO [http-nio-63040-exec-1][DirectJDKLog.java:173] -
      Initializing Spring DispatcherServlet 'dispatcherServlet'
2023-02-18 16:16:40,933 INFO [http-nio-63040-exec-1][FrameworkServlet.java:525] -
      Initializing Servlet 'dispatcherServlet'
2023-02-18 16:16:40,933 INFO [http-nio-63040-exec-1][FrameworkServlet.java:525] -
      Initializing Servlet 'dispatcherServlet'
2023-02-18 16:16:40,937 INFO [http-nio-63040-exec-1][FrameworkServlet.java:547] -
      Completed initialization in 4 ms
2023-02-18 16:16:40,937 INFO [http-nio-63040-exec-1][FrameworkServlet.java:547] -
      Completed initialization in 4 ms
2023-02-18 16:17:39,229 INFO [SpringContextShutdownHook][ExecutorConfigurationSupport.java:218] -
      Shutting down ExecutorService 'applicationTaskExecutor'
2023-02-18 16:17:39,229 INFO [SpringContextShutdownHook][ExecutorConfigurationSupport.java:218] -
      Shutting down ExecutorService 'applicationTaskExecutor'
2023-02-18 16:17:42,353 DEBUG [background-preinit][LoggerProviders.java:152] -
      Logging Provider: org.jboss.logging.Log4j2LoggerProvider
2023-02-18 16:17:42,353 DEBUG [background-preinit][LoggerProviders.java:152] -
      Logging Provider: org.jboss.logging.Log4j2LoggerProvider
2023-02-18 16:17:42,356 INFO [background-preinit][Version.java:21] -
      HV000001: Hibernate Validator 6.1.6.Final
2023-02-18 16:17:42,356 INFO [background-preinit][Version.java:21] -
      HV000001: Hibernate Validator 6.1.6.Final
2023-02-18 16:17:42,359 DEBUG [background-preinit][ValidationXmlParser.java:120] -
      Trying to load META-INF/validation.xml for XML based Validator configuration.
2023-02-18 16:17:42,359 DEBUG [background-preinit][ValidationXmlParser.java:120] -
      Trying to load META-INF/validation.xml for XML based Validator configuration.
2023-02-18 16:17:42,359 DEBUG [background-preinit][ResourceLoaderHelper.java:60] -
      Trying to load META-INF/validation.xml via TCCL
2023-02-18 16:17:42,359 DEBUG [background-preinit][ResourceLoaderHelper.java:60] -
      Trying to load META-INF/validation.xml via TCCL
2023-02-18 16:17:42,360 DEBUG [background-preinit][ResourceLoaderHelper.java:66] -
      Trying to load META-INF/validation.xml via Hibernate Validator's class loader
2023-02-18 16:17:42,360 DEBUG [background-preinit][ResourceLoaderHelper.java:66] -
      Trying to load META-INF/validation.xml via Hibernate Validator's class loader
2023-02-18 16:17:42,360 DEBUG [background-preinit][ValidationXmlParser.java:127] -
      No META-INF/validation.xml found. Using annotation based configuration only.
2023-02-18 16:17:42,360 DEBUG [background-preinit][ValidationXmlParser.java:127] -
      No META-INF/validation.xml found. Using annotation based configuration only.
2023-02-18 16:17:42,362 DEBUG [background-preinit][TraversableResolvers.java:60] -
      Cannot find javax.persistence.Persistence on classpath. Assuming non JPA 2 environment. All properties will per default be traversable.
2023-02-18 16:17:42,362 DEBUG [background-preinit][TraversableResolvers.java:60] -
      Cannot find javax.persistence.Persistence on classpath. Assuming non JPA 2 environment. All properties will per default be traversable.
2023-02-18 16:17:42,373 DEBUG [background-preinit][ResourceBundleMessageInterpolator.java:172] -
      Loaded expression factory via original TCCL
2023-02-18 16:17:42,373 DEBUG [background-preinit][ResourceBundleMessageInterpolator.java:172] -
      Loaded expression factory via original TCCL
2023-02-18 16:17:42,460 DEBUG [background-preinit][ValidatorFactoryConfigurationHelper.java:300] -
      HV000252: Using org.hibernate.validator.internal.engine.DefaultPropertyNodeNameProvider as property node name provider.
2023-02-18 16:17:42,460 DEBUG [background-preinit][ValidatorFactoryConfigurationHelper.java:300] -
      HV000252: Using org.hibernate.validator.internal.engine.DefaultPropertyNodeNameProvider as property node name provider.
2023-02-18 16:17:42,462 DEBUG [background-preinit][ValidatorFactoryConfigurationHelper.java:375] -
      HV000234: Using org.hibernate.validator.messageinterpolation.ResourceBundleMessageInterpolator as ValidatorFactory-scoped message interpolator.
2023-02-18 16:17:42,462 DEBUG [background-preinit][ValidatorFactoryConfigurationHelper.java:375] -
      HV000234: Using org.hibernate.validator.messageinterpolation.ResourceBundleMessageInterpolator as ValidatorFactory-scoped message interpolator.
2023-02-18 16:17:42,462 DEBUG [background-preinit][ValidatorFactoryConfigurationHelper.java:376] -
      HV000234: Using org.hibernate.validator.internal.engine.resolver.TraverseAllTraversableResolver as ValidatorFactory-scoped traversable resolver.
2023-02-18 16:17:42,462 DEBUG [background-preinit][ValidatorFactoryConfigurationHelper.java:376] -
      HV000234: Using org.hibernate.validator.internal.engine.resolver.TraverseAllTraversableResolver as ValidatorFactory-scoped traversable resolver.
2023-02-18 16:17:42,462 DEBUG [background-preinit][ValidatorFactoryConfigurationHelper.java:377] -
      HV000234: Using org.hibernate.validator.internal.util.ExecutableParameterNameProvider as ValidatorFactory-scoped parameter name provider.
2023-02-18 16:17:42,462 DEBUG [background-preinit][ValidatorFactoryConfigurationHelper.java:377] -
      HV000234: Using org.hibernate.validator.internal.util.ExecutableParameterNameProvider as ValidatorFactory-scoped parameter name provider.
2023-02-18 16:17:42,462 DEBUG [background-preinit][ValidatorFactoryConfigurationHelper.java:378] -
      HV000234: Using org.hibernate.validator.internal.engine.DefaultClockProvider as ValidatorFactory-scoped clock provider.
2023-02-18 16:17:42,462 DEBUG [background-preinit][ValidatorFactoryConfigurationHelper.java:378] -
      HV000234: Using org.hibernate.validator.internal.engine.DefaultClockProvider as ValidatorFactory-scoped clock provider.
2023-02-18 16:17:42,462 DEBUG [background-preinit][ValidatorFactoryConfigurationHelper.java:379] -
      HV000234: Using org.hibernate.validator.internal.engine.scripting.DefaultScriptEvaluatorFactory as ValidatorFactory-scoped script evaluator factory.
2023-02-18 16:17:42,462 DEBUG [background-preinit][ValidatorFactoryConfigurationHelper.java:379] -
      HV000234: Using org.hibernate.validator.internal.engine.scripting.DefaultScriptEvaluatorFactory as ValidatorFactory-scoped script evaluator factory.
2023-02-18 16:17:42,549 INFO [main][SpringApplication.java:651] -
      No active profile set, falling back to default profiles: default
2023-02-18 16:17:42,549 INFO [main][SpringApplication.java:651] -
      No active profile set, falling back to default profiles: default
2023-02-18 16:17:42,814 INFO [main][GenericScope.java:295] -
      BeanFactory id=2b3861ae-fb47-36aa-ae7a-ee9954274f0b
2023-02-18 16:17:42,814 INFO [main][GenericScope.java:295] -
      BeanFactory id=2b3861ae-fb47-36aa-ae7a-ee9954274f0b
2023-02-18 16:17:42,889 INFO [main][TomcatWebServer.java:108] -
      Tomcat initialized with port(s): 63040 (http)
2023-02-18 16:17:42,889 INFO [main][TomcatWebServer.java:108] -
      Tomcat initialized with port(s): 63040 (http)
2023-02-18 16:17:42,896 INFO [main][DirectJDKLog.java:173] -
      Initializing ProtocolHandler ["http-nio-63040"]
2023-02-18 16:17:42,896 INFO [main][DirectJDKLog.java:173] -
      Initializing ProtocolHandler ["http-nio-63040"]
2023-02-18 16:17:42,896 INFO [main][DirectJDKLog.java:173] -
      Starting service [Tomcat]
2023-02-18 16:17:42,896 INFO [main][DirectJDKLog.java:173] -
      Starting service [Tomcat]
2023-02-18 16:17:42,897 INFO [main][DirectJDKLog.java:173] -
      Starting Servlet engine: [Apache Tomcat/9.0.41]
2023-02-18 16:17:42,897 INFO [main][DirectJDKLog.java:173] -
      Starting Servlet engine: [Apache Tomcat/9.0.41]
2023-02-18 16:17:42,926 INFO [main][DirectJDKLog.java:173] -
      Initializing Spring embedded WebApplicationContext
2023-02-18 16:17:42,926 INFO [main][DirectJDKLog.java:173] -
      Initializing Spring embedded WebApplicationContext
2023-02-18 16:17:42,926 INFO [main][ServletWebServerApplicationContext.java:285] -
      Root WebApplicationContext: initialization completed in 371 ms
2023-02-18 16:17:42,926 INFO [main][ServletWebServerApplicationContext.java:285] -
      Root WebApplicationContext: initialization completed in 371 ms
2023-02-18 16:17:43,102 INFO [main][PropertySourcedRequestMappingHandlerMapping.java:69] -
      Mapped URL path [/v2/api-docs] onto method [springfox.documentation.swagger2.web.Swagger2Controller#getDocumentation(String, HttpServletRequest)]
2023-02-18 16:17:43,102 INFO [main][PropertySourcedRequestMappingHandlerMapping.java:69] -
      Mapped URL path [/v2/api-docs] onto method [springfox.documentation.swagger2.web.Swagger2Controller#getDocumentation(String, HttpServletRequest)]
2023-02-18 16:17:43,116 DEBUG [main][ResourceBundleMessageInterpolator.java:172] -
      Loaded expression factory via original TCCL
2023-02-18 16:17:43,116 DEBUG [main][ResourceBundleMessageInterpolator.java:172] -
      Loaded expression factory via original TCCL
2023-02-18 16:17:43,117 DEBUG [main][AbstractConfigurationImpl.java:171] -
      Setting custom MessageInterpolator of type org.springframework.validation.beanvalidation.LocaleContextMessageInterpolator
2023-02-18 16:17:43,117 DEBUG [main][AbstractConfigurationImpl.java:171] -
      Setting custom MessageInterpolator of type org.springframework.validation.beanvalidation.LocaleContextMessageInterpolator
2023-02-18 16:17:43,117 DEBUG [main][AbstractConfigurationImpl.java:203] -
      Setting custom ConstraintValidatorFactory of type org.springframework.validation.beanvalidation.SpringConstraintValidatorFactory
2023-02-18 16:17:43,117 DEBUG [main][AbstractConfigurationImpl.java:203] -
      Setting custom ConstraintValidatorFactory of type org.springframework.validation.beanvalidation.SpringConstraintValidatorFactory
2023-02-18 16:17:43,117 DEBUG [main][AbstractConfigurationImpl.java:217] -
      Setting custom ParameterNameProvider of type org.springframework.validation.beanvalidation.LocalValidatorFactoryBean$1
2023-02-18 16:17:43,117 DEBUG [main][AbstractConfigurationImpl.java:217] -
      Setting custom ParameterNameProvider of type org.springframework.validation.beanvalidation.LocalValidatorFactoryBean$1
2023-02-18 16:17:43,117 DEBUG [main][ValidationXmlParser.java:120] -
      Trying to load META-INF/validation.xml for XML based Validator configuration.
2023-02-18 16:17:43,117 DEBUG [main][ValidationXmlParser.java:120] -
      Trying to load META-INF/validation.xml for XML based Validator configuration.
2023-02-18 16:17:43,117 DEBUG [main][ResourceLoaderHelper.java:53] -
      Trying to load META-INF/validation.xml via user class loader
2023-02-18 16:17:43,117 DEBUG [main][ResourceLoaderHelper.java:53] -
      Trying to load META-INF/validation.xml via user class loader
2023-02-18 16:17:43,118 DEBUG [main][ResourceLoaderHelper.java:60] -
      Trying to load META-INF/validation.xml via TCCL
2023-02-18 16:17:43,118 DEBUG [main][ResourceLoaderHelper.java:60] -
      Trying to load META-INF/validation.xml via TCCL
2023-02-18 16:17:43,118 DEBUG [main][ResourceLoaderHelper.java:66] -
      Trying to load META-INF/validation.xml via Hibernate Validator's class loader
2023-02-18 16:17:43,118 DEBUG [main][ResourceLoaderHelper.java:66] -
      Trying to load META-INF/validation.xml via Hibernate Validator's class loader
2023-02-18 16:17:43,118 DEBUG [main][ValidationXmlParser.java:127] -
      No META-INF/validation.xml found. Using annotation based configuration only.
2023-02-18 16:17:43,118 DEBUG [main][ValidationXmlParser.java:127] -
      No META-INF/validation.xml found. Using annotation based configuration only.
2023-02-18 16:17:43,118 DEBUG [main][TraversableResolvers.java:60] -
      Cannot find javax.persistence.Persistence on classpath. Assuming non JPA 2 environment. All properties will per default be traversable.
2023-02-18 16:17:43,118 DEBUG [main][TraversableResolvers.java:60] -
      Cannot find javax.persistence.Persistence on classpath. Assuming non JPA 2 environment. All properties will per default be traversable.
2023-02-18 16:17:43,119 DEBUG [main][ValidatorFactoryConfigurationHelper.java:300] -
      HV000252: Using org.hibernate.validator.internal.engine.DefaultPropertyNodeNameProvider as property node name provider.
2023-02-18 16:17:43,119 DEBUG [main][ValidatorFactoryConfigurationHelper.java:300] -
      HV000252: Using org.hibernate.validator.internal.engine.DefaultPropertyNodeNameProvider as property node name provider.
2023-02-18 16:17:43,119 DEBUG [main][ValidatorFactoryConfigurationHelper.java:375] -
      HV000234: Using org.springframework.validation.beanvalidation.LocaleContextMessageInterpolator as ValidatorFactory-scoped message interpolator.
2023-02-18 16:17:43,119 DEBUG [main][ValidatorFactoryConfigurationHelper.java:375] -
      HV000234: Using org.springframework.validation.beanvalidation.LocaleContextMessageInterpolator as ValidatorFactory-scoped message interpolator.
2023-02-18 16:17:43,119 DEBUG [main][ValidatorFactoryConfigurationHelper.java:376] -
      HV000234: Using org.hibernate.validator.internal.engine.resolver.TraverseAllTraversableResolver as ValidatorFactory-scoped traversable resolver.
2023-02-18 16:17:43,119 DEBUG [main][ValidatorFactoryConfigurationHelper.java:376] -
      HV000234: Using org.hibernate.validator.internal.engine.resolver.TraverseAllTraversableResolver as ValidatorFactory-scoped traversable resolver.
2023-02-18 16:17:43,119 DEBUG [main][ValidatorFactoryConfigurationHelper.java:377] -
      HV000234: Using org.hibernate.validator.internal.util.ExecutableParameterNameProvider as ValidatorFactory-scoped parameter name provider.
2023-02-18 16:17:43,119 DEBUG [main][ValidatorFactoryConfigurationHelper.java:377] -
      HV000234: Using org.hibernate.validator.internal.util.ExecutableParameterNameProvider as ValidatorFactory-scoped parameter name provider.
2023-02-18 16:17:43,119 DEBUG [main][ValidatorFactoryConfigurationHelper.java:378] -
      HV000234: Using org.hibernate.validator.internal.engine.DefaultClockProvider as ValidatorFactory-scoped clock provider.
2023-02-18 16:17:43,119 DEBUG [main][ValidatorFactoryConfigurationHelper.java:378] -
      HV000234: Using org.hibernate.validator.internal.engine.DefaultClockProvider as ValidatorFactory-scoped clock provider.
2023-02-18 16:17:43,120 DEBUG [main][ValidatorFactoryConfigurationHelper.java:379] -
      HV000234: Using org.hibernate.validator.internal.engine.scripting.DefaultScriptEvaluatorFactory as ValidatorFactory-scoped script evaluator factory.
2023-02-18 16:17:43,120 DEBUG [main][ValidatorFactoryConfigurationHelper.java:379] -
      HV000234: Using org.hibernate.validator.internal.engine.scripting.DefaultScriptEvaluatorFactory as ValidatorFactory-scoped script evaluator factory.
2023-02-18 16:17:43,144 INFO [main][ExecutorConfigurationSupport.java:181] -
      Initializing ExecutorService 'applicationTaskExecutor'
2023-02-18 16:17:43,144 INFO [main][ExecutorConfigurationSupport.java:181] -
      Initializing ExecutorService 'applicationTaskExecutor'
2023-02-18 16:17:43,209 INFO [main][DirectJDKLog.java:173] -
      Starting ProtocolHandler ["http-nio-63040"]
2023-02-18 16:17:43,209 INFO [main][DirectJDKLog.java:173] -
      Starting ProtocolHandler ["http-nio-63040"]
2023-02-18 16:17:43,219 INFO [main][TomcatWebServer.java:220] -
      Tomcat started on port(s): 63040 (http) with context path '/content'
2023-02-18 16:17:43,219 INFO [main][TomcatWebServer.java:220] -
      Tomcat started on port(s): 63040 (http) with context path '/content'
2023-02-18 16:17:43,220 INFO [main][DocumentationPluginsBootstrapper.java:160] -
      Context refreshed
2023-02-18 16:17:43,220 INFO [main][DocumentationPluginsBootstrapper.java:160] -
      Context refreshed
2023-02-18 16:17:43,225 INFO [main][DocumentationPluginsBootstrapper.java:163] -
      Found 1 custom documentation plugin(s)
2023-02-18 16:17:43,225 INFO [main][DocumentationPluginsBootstrapper.java:163] -
      Found 1 custom documentation plugin(s)
2023-02-18 16:17:43,237 INFO [main][ApiListingReferenceScanner.java:41] -
      Scanning for api listing references
2023-02-18 16:17:43,237 INFO [main][ApiListingReferenceScanner.java:41] -
      Scanning for api listing references
2023-02-18 16:17:43,297 INFO [main][StartupInfoLogger.java:61] -
      Started XstudyContentApplication in 1.109 seconds (JVM running for 1.417)
2023-02-18 16:17:43,297 INFO [main][StartupInfoLogger.java:61] -
      Started XstudyContentApplication in 1.109 seconds (JVM running for 1.417)
2023-02-18 16:17:45,281 INFO [http-nio-63040-exec-1][DirectJDKLog.java:173] -
      Initializing Spring DispatcherServlet 'dispatcherServlet'
2023-02-18 16:17:45,281 INFO [http-nio-63040-exec-1][DirectJDKLog.java:173] -
      Initializing Spring DispatcherServlet 'dispatcherServlet'
2023-02-18 16:17:45,281 INFO [http-nio-63040-exec-1][FrameworkServlet.java:525] -
      Initializing Servlet 'dispatcherServlet'
2023-02-18 16:17:45,281 INFO [http-nio-63040-exec-1][FrameworkServlet.java:525] -
      Initializing Servlet 'dispatcherServlet'
2023-02-18 16:17:45,284 INFO [http-nio-63040-exec-1][FrameworkServlet.java:547] -
      Completed initialization in 3 ms
2023-02-18 16:17:45,284 INFO [http-nio-63040-exec-1][FrameworkServlet.java:547] -
      Completed initialization in 3 ms
